<?xml version="1.0" encoding="utf-8"?><testsuites name="pytest tests"><testsuite name="pytest" errors="0" failures="0" skipped="0" tests="12" time="12.145" timestamp="2026-05-16T22:16:19.409349+00:00" hostname="agent-env-c0de2c54-1a81-4c33-844e-e63dfc3454ba"><testcase classname="backend.tests.test_iteration3" name="test_list_initially_empty_then_grows" time="0.515" /><testcase classname="backend.tests.test_iteration3" name="test_post_returns_masked_secret" time="0.232" /><testcase classname="backend.tests.test_iteration3" name="test_put_preserves_secret_when_masked_or_empty" time="0.380" /><testcase classname="backend.tests.test_iteration3" name="test_delete_unsets_channel_reference" time="0.435" /><testcase classname="backend.tests.test_iteration3" name="test_resolution_priority_ladder" time="0.887" /><testcase classname="backend.tests.test_iteration3" name="test_oauth_start_auto_picks_by_language" time="0.429" /><testcase classname="backend.tests.test_iteration3" name="test_oauth_start_forced_overrides_language" time="0.503" /><testcase classname="backend.tests.test_iteration3" name="test_oauth_callback_invalid_code_uses_channel_client_returns_400" time="0.539" /><testcase classname="backend.tests.test_iteration3" name="test_oauth_callback_missing_returns_400" time="0.141" /><testcase classname="backend.tests.test_iteration3" name="test_upload_fallback_when_no_refresh_token" time="3.742" /><testcase classname="backend.tests.test_iteration3" name="test_upload_fallback_when_refresh_token_but_no_resolvable_client" time="3.816" /><testcase classname="backend.tests.test_iteration3" name="test_secrets_never_leak_in_list_or_update" time="0.431" /></testsuite></testsuites>