<?xml version="1.0" encoding="utf-8"?><testsuites name="pytest tests"><testsuite name="pytest" errors="0" failures="0" skipped="0" tests="17" time="8.576" timestamp="2026-05-16T22:38:54.371010+00:00" hostname="agent-env-c0de2c54-1a81-4c33-844e-e63dfc3454ba"><testcase classname="backend.tests.test_iteration4.TestBulkFromVideos" name="test_creates_one_upload_per_song_x_matching_channel_x_format" time="6.267" /><testcase classname="backend.tests.test_iteration4.TestBulkFromVideos" name="test_repeat_call_skips_duplicates" time="0.054" /><testcase classname="backend.tests.test_iteration4.TestPreflight" name="test_preflight_no_client_means_need_oauth_with_empty_url" time="0.147" /><testcase classname="backend.tests.test_iteration4.TestPreflight" name="test_preflight_populates_url_when_client_matches_language" time="0.096" /><testcase classname="backend.tests.test_iteration4.TestPreflight" name="test_preflight_ready_when_channel_has_refresh_token" time="0.103" /><testcase classname="backend.tests.test_iteration4.TestAiEnrich" name="test_deterministic_fallback_contains_global_desc_and_lang_hashtag" time="0.154" /><testcase classname="backend.tests.test_iteration4.TestAiEnrich" name="test_only_empty_default_preserves_manual_edits" time="0.219" /><testcase classname="backend.tests.test_iteration4.TestAiEnrich" name="test_regenerate_force_overwrites" time="0.110" /><testcase classname="backend.tests.test_iteration4.TestConnectAllUrls" name="test_lists_only_not_connected_channels_with_resolvable_client" time="0.097" /><testcase classname="backend.tests.test_iteration4.TestConnectAllUrls" name="test_connect_all_excludes_channels_without_resolvable_client" time="0.147" /><testcase classname="backend.tests.test_iteration4.TestRegression" name="test_root" time="0.046" /><testcase classname="backend.tests.test_iteration4.TestRegression" name="test_bible_translations" time="0.065" /><testcase classname="backend.tests.test_iteration4.TestRegression" name="test_compose_config" time="0.056" /><testcase classname="backend.tests.test_iteration4.TestRegression" name="test_oauth_clients_list_no_mongo_id" time="0.052" /><testcase classname="backend.tests.test_iteration4.TestRegression" name="test_channels_list_no_mongo_id" time="0.054" /><testcase classname="backend.tests.test_iteration4.TestRegression" name="test_uploads_list_no_mongo_id" time="0.065" /><testcase classname="backend.tests.test_iteration4.TestRegression" name="test_jobs_list_no_mongo_id" time="0.748" /></testsuite></testsuites>