<?xml version="1.0" encoding="utf-8"?><testsuites name="pytest tests"><testsuite name="pytest" errors="0" failures="0" skipped="0" tests="15" time="19.037" timestamp="2026-05-16T21:59:10.495584+00:00" hostname="agent-env-c0de2c54-1a81-4c33-844e-e63dfc3454ba"><testcase classname="backend.tests.test_iteration2" name="test_bible_translations_dict_keyed_by_language" time="0.243" /><testcase classname="backend.tests.test_iteration2" name="test_bible_books_17_objects" time="0.054" /><testcase classname="backend.tests.test_iteration2" name="test_bible_chapter_web_john_1" time="0.261" /><testcase classname="backend.tests.test_iteration2" name="test_bible_chapter_deu_l12_john_1_german" time="0.146" /><testcase classname="backend.tests.test_iteration2" name="test_bible_chapter_rus_syn_john_1" time="0.143" /><testcase classname="backend.tests.test_iteration2" name="test_bible_chapter_ita_dio_john_1" time="0.127" /><testcase classname="backend.tests.test_iteration2" name="test_compose_config_put_and_get" time="0.102" /><testcase classname="backend.tests.test_iteration2" name="test_compose_lyrics_without_key_returns_200_with_error" time="0.147" /><testcase classname="backend.tests.test_iteration2" name="test_oauth_callback_missing_code_state_returns_400" time="0.051" /><testcase classname="backend.tests.test_iteration2" name="test_oauth_callback_with_invalid_code_returns_400" time="0.212" /><testcase classname="backend.tests.test_iteration2" name="test_regression_music_falls_back_to_mock" time="3.403" /><testcase classname="backend.tests.test_iteration2" name="test_regression_analyze_and_image_fallback" time="6.589" /><testcase classname="backend.tests.test_iteration2" name="test_regression_compose_video_fallback" time="3.193" /><testcase classname="backend.tests.test_iteration2" name="test_regression_channels_and_upload" time="3.577" /><testcase classname="backend.tests.test_iteration2" name="test_no_id_global_check" time="0.582" /></testsuite></testsuites>