<?xml version="1.0" encoding="utf-8"?><testsuites name="pytest tests"><testsuite name="pytest" errors="0" failures="0" skipped="0" tests="27" time="6.834" timestamp="2026-05-16T23:10:13.218352+00:00" hostname="agent-env-c0de2c54-1a81-4c33-844e-e63dfc3454ba"><testcase classname="backend.tests.test_iteration5.TestBibleTranslationsCatalogue" name="test_returns_10_language_groups" time="0.208" /><testcase classname="backend.tests.test_iteration5.TestBibleTranslationsCatalogue" name="test_literal_group_contains_required_ids" time="0.112" /><testcase classname="backend.tests.test_iteration5.TestBibleTranslationsCatalogue" name="test_greek_group_contains_grc_byz" time="0.138" /><testcase classname="backend.tests.test_iteration5.TestBibleApiPath" name="test_ylt_john_1" time="0.318" /><testcase classname="backend.tests.test_iteration5.TestBibleApiPath" name="test_darby_john_1" time="0.258" /><testcase classname="backend.tests.test_iteration5.TestBibleApiPath" name="test_oebcw_john_1" time="0.311" /><testcase classname="backend.tests.test_iteration5.TestHelloAoPath" name="test_grc_byz_john_1" time="0.265" /><testcase classname="backend.tests.test_iteration5.TestHelloAoPath" name="test_eng_lxx_psalms_1" time="0.270" /><testcase classname="backend.tests.test_iteration5.TestHelloAoPath" name="test_ght_john_1" time="0.268" /><testcase classname="backend.tests.test_iteration5.TestBibleRegression" name="test_bible_api_original_ids[web]" time="0.268" /><testcase classname="backend.tests.test_iteration5.TestBibleRegression" name="test_bible_api_original_ids[kjv]" time="0.292" /><testcase classname="backend.tests.test_iteration5.TestBibleRegression" name="test_bible_api_original_ids[bbe]" time="0.284" /><testcase classname="backend.tests.test_iteration5.TestBibleRegression" name="test_bible_api_original_ids[asv]" time="0.259" /><testcase classname="backend.tests.test_iteration5.TestBibleRegression" name="test_helloao_original_ids[BSB]" time="0.277" /><testcase classname="backend.tests.test_iteration5.TestBibleRegression" name="test_helloao_original_ids[deu_l12]" time="0.189" /><testcase classname="backend.tests.test_iteration5.TestBibleRegression" name="test_helloao_original_ids[ita_dio]" time="0.211" /><testcase classname="backend.tests.test_iteration5.TestBibleRegression" name="test_helloao_original_ids[rus_syn]" time="0.213" /><testcase classname="backend.tests.test_iteration5.TestBibleRegression" name="test_helloao_original_ids[fra_lsg]" time="0.182" /><testcase classname="backend.tests.test_iteration5.TestBibleRegression" name="test_helloao_original_ids[spa_r09]" time="0.175" /><testcase classname="backend.tests.test_iteration5.TestPastedChapters" name="test_pasted_full_crud_and_upsert" time="0.536" /><testcase classname="backend.tests.test_iteration5.TestPastedChapters" name="test_pasted_arbitrary_translation_accepted" time="0.245" /><testcase classname="backend.tests.test_iteration5.TestDrafts" name="test_get_missing_draft_returns_empty_dict_not_404" time="0.127" /><testcase classname="backend.tests.test_iteration5.TestDrafts" name="test_drafts_put_get_delete_lifecycle" time="0.771" /><testcase classname="backend.tests.test_iteration5.TestDrafts" name="test_drafts_accept_arbitrary_json_value" time="0.218" /><testcase classname="backend.tests.test_iteration5.TestNoIdLeak" name="test_translations_list_no_id" time="0.126" /><testcase classname="backend.tests.test_iteration5.TestNoIdLeak" name="test_drafts_list_no_id" time="0.102" /><testcase classname="backend.tests.test_iteration5.TestNoIdLeak" name="test_pasted_list_no_id" time="0.104" /></testsuite></testsuites>