<?xml version="1.0" encoding="utf-8"?><testsuites name="pytest tests"><testsuite name="pytest" errors="0" failures="1" skipped="0" tests="50" time="69.686" timestamp="2026-05-16T22:16:36.603571+00:00" hostname="agent-env-c0de2c54-1a81-4c33-844e-e63dfc3454ba"><testcase classname="backend.tests.backend_test" name="test_root" time="0.180" /><testcase classname="backend.tests.backend_test" name="test_settings_get_default" time="0.051" /><testcase classname="backend.tests.backend_test" name="test_settings_put_and_persist" time="0.109" /><testcase classname="backend.tests.backend_test" name="test_settings_test_endpoints" time="0.147" /><testcase classname="backend.tests.backend_test" name="test_project_list_and_get" time="0.157" /><testcase classname="backend.tests.backend_test" name="test_project_update" time="0.050" /><testcase classname="backend.tests.backend_test" name="test_generate_music" time="2.961" /><testcase classname="backend.tests.backend_test" name="test_analyze_creates_sections" time="2.856" /><testcase classname="backend.tests.backend_test" name="test_update_section" time="0.104" /><testcase classname="backend.tests.backend_test" name="test_generate_single_image" time="2.907" /><testcase classname="backend.tests.backend_test" name="test_batch_generate_images" time="10.030" /><testcase classname="backend.tests.backend_test" name="test_effects_presets" time="0.058" /><testcase classname="backend.tests.backend_test" name="test_compose_video" time="2.841" /><testcase classname="backend.tests.backend_test" name="test_channels_list" time="0.096" /><testcase classname="backend.tests.backend_test" name="test_oauth_start_with_client_id" time="0.052"><failure message="AssertionError: assert 'accounts.google.com' in ''">backend/tests/backend_test.py:234: in test_oauth_start_with_client_id
    assert "accounts.google.com" in j["url"]
E   AssertionError: assert 'accounts.google.com' in ''</failure></testcase><testcase classname="backend.tests.backend_test" name="test_oauth_complete" time="0.050" /><testcase classname="backend.tests.backend_test" name="test_oauth_complete_missing_token" time="0.047" /><testcase classname="backend.tests.backend_test" name="test_uploads_list" time="0.100" /><testcase classname="backend.tests.backend_test" name="test_publish_upload" time="2.852" /><testcase classname="backend.tests.backend_test" name="test_publish_all" time="5.206" /><testcase classname="backend.tests.backend_test" name="test_jobs_list_and_reverse_chrono" time="0.058" /><testcase classname="backend.tests.backend_test" name="test_job_retry_and_delete" time="7.061" /><testcase classname="backend.tests.backend_test" name="test_404s" time="0.250" /><testcase classname="backend.tests.test_iteration2" name="test_bible_translations_dict_keyed_by_language" time="0.139" /><testcase classname="backend.tests.test_iteration2" name="test_bible_books_17_objects" time="0.045" /><testcase classname="backend.tests.test_iteration2" name="test_bible_chapter_web_john_1" time="0.256" /><testcase classname="backend.tests.test_iteration2" name="test_bible_chapter_deu_l12_john_1_german" time="0.172" /><testcase classname="backend.tests.test_iteration2" name="test_bible_chapter_rus_syn_john_1" time="0.114" /><testcase classname="backend.tests.test_iteration2" name="test_bible_chapter_ita_dio_john_1" time="0.109" /><testcase classname="backend.tests.test_iteration2" name="test_compose_config_put_and_get" time="0.098" /><testcase classname="backend.tests.test_iteration2" name="test_compose_lyrics_without_key_returns_200_with_error" time="0.138" /><testcase classname="backend.tests.test_iteration2" name="test_oauth_callback_missing_code_state_returns_400" time="0.048" /><testcase classname="backend.tests.test_iteration2" name="test_oauth_callback_with_invalid_code_returns_400" time="0.139" /><testcase classname="backend.tests.test_iteration2" name="test_regression_music_falls_back_to_mock" time="3.380" /><testcase classname="backend.tests.test_iteration2" name="test_regression_analyze_and_image_fallback" time="6.663" /><testcase classname="backend.tests.test_iteration2" name="test_regression_compose_video_fallback" time="3.190" /><testcase classname="backend.tests.test_iteration2" name="test_regression_channels_and_upload" time="3.478" /><testcase classname="backend.tests.test_iteration2" name="test_no_id_global_check" time="0.512" /><testcase classname="backend.tests.test_iteration3" name="test_list_initially_empty_then_grows" time="0.426" /><testcase classname="backend.tests.test_iteration3" name="test_post_returns_masked_secret" time="0.275" /><testcase classname="backend.tests.test_iteration3" name="test_put_preserves_secret_when_masked_or_empty" time="0.434" /><testcase classname="backend.tests.test_iteration3" name="test_delete_unsets_channel_reference" time="0.496" /><testcase classname="backend.tests.test_iteration3" name="test_resolution_priority_ladder" time="1.109" /><testcase classname="backend.tests.test_iteration3" name="test_oauth_start_auto_picks_by_language" time="0.492" /><testcase classname="backend.tests.test_iteration3" name="test_oauth_start_forced_overrides_language" time="0.652" /><testcase classname="backend.tests.test_iteration3" name="test_oauth_callback_invalid_code_uses_channel_client_returns_400" time="0.617" /><testcase classname="backend.tests.test_iteration3" name="test_oauth_callback_missing_returns_400" time="0.169" /><testcase classname="backend.tests.test_iteration3" name="test_upload_fallback_when_no_refresh_token" time="3.810" /><testcase classname="backend.tests.test_iteration3" name="test_upload_fallback_when_refresh_token_but_no_resolvable_client" time="3.854" /><testcase classname="backend.tests.test_iteration3" name="test_secrets_never_leak_in_list_or_update" time="0.542" /></testsuite></testsuites>