<?xml version="1.0" encoding="utf-8"?><testsuites name="pytest tests"><testsuite name="pytest" errors="0" failures="0" skipped="0" tests="23" time="38.176" timestamp="2026-05-16T20:58:34.064112+00:00" hostname="agent-env-c0de2c54-1a81-4c33-844e-e63dfc3454ba"><testcase classname="backend.tests.backend_test" name="test_root" time="0.314" /><testcase classname="backend.tests.backend_test" name="test_settings_get_default" time="0.045" /><testcase classname="backend.tests.backend_test" name="test_settings_put_and_persist" time="0.117" /><testcase classname="backend.tests.backend_test" name="test_settings_test_endpoints" time="0.138" /><testcase classname="backend.tests.backend_test" name="test_project_list_and_get" time="0.145" /><testcase classname="backend.tests.backend_test" name="test_project_update" time="0.051" /><testcase classname="backend.tests.backend_test" name="test_generate_music" time="2.917" /><testcase classname="backend.tests.backend_test" name="test_analyze_creates_sections" time="2.819" /><testcase classname="backend.tests.backend_test" name="test_update_section" time="0.094" /><testcase classname="backend.tests.backend_test" name="test_generate_single_image" time="2.874" /><testcase classname="backend.tests.backend_test" name="test_batch_generate_images" time="9.971" /><testcase classname="backend.tests.backend_test" name="test_effects_presets" time="0.043" /><testcase classname="backend.tests.backend_test" name="test_compose_video" time="2.844" /><testcase classname="backend.tests.backend_test" name="test_channels_list" time="0.090" /><testcase classname="backend.tests.backend_test" name="test_oauth_start_with_client_id" time="0.066" /><testcase classname="backend.tests.backend_test" name="test_oauth_complete" time="0.044" /><testcase classname="backend.tests.backend_test" name="test_oauth_complete_missing_token" time="0.046" /><testcase classname="backend.tests.backend_test" name="test_uploads_list" time="0.111" /><testcase classname="backend.tests.backend_test" name="test_publish_upload" time="2.812" /><testcase classname="backend.tests.backend_test" name="test_publish_all" time="5.187" /><testcase classname="backend.tests.backend_test" name="test_jobs_list_and_reverse_chrono" time="0.045" /><testcase classname="backend.tests.backend_test" name="test_job_retry_and_delete" time="6.949" /><testcase classname="backend.tests.backend_test" name="test_404s" time="0.225" /></testsuite></testsuites>